D:\VS2010PROJECTS\CIDTOXML\CIDTOXML\DEBUG\CIDTOXML.DLL.INTERMEDIATE.MANIFEST
D:\VS2010PROJECTS\CIDTOXML\CIDTOXML\DEBUG\CIDTOXML.OBJ
D:\Vs2010Projects\CidToXML\CidToXML\Debug\CidToXML.write.1.tlog
D:\Vs2010Projects\CidToXML\CidToXML\Debug\cl.command.1.tlog
D:\Vs2010Projects\CidToXML\CidToXML\Debug\CL.read.1.tlog
D:\Vs2010Projects\CidToXML\CidToXML\Debug\CL.write.1.tlog
D:\Vs2010Projects\CidToXML\CidToXML\Debug\link.command.1.tlog
D:\Vs2010Projects\CidToXML\CidToXML\Debug\link.read.1.tlog
D:\Vs2010Projects\CidToXML\CidToXML\Debug\link.write.1.tlog
D:\Vs2010Projects\CidToXML\CidToXML\Debug\mt.command.1.tlog
D:\Vs2010Projects\CidToXML\CidToXML\Debug\mt.read.1.tlog
D:\Vs2010Projects\CidToXML\CidToXML\Debug\mt.write.1.tlog
D:\VS2010PROJECTS\CIDTOXML\CIDTOXML\DEBUG\SCD.OBJ
D:\VS2010PROJECTS\CIDTOXML\CIDTOXML\DEBUG\SCD_COMM.OBJ
D:\VS2010PROJECTS\CIDTOXML\CIDTOXML\DEBUG\SCD_COMMUNICATION.OBJ
D:\VS2010PROJECTS\CIDTOXML\CIDTOXML\DEBUG\SCD_DATATYPETEMPLATES.OBJ
D:\VS2010PROJECTS\CIDTOXML\CIDTOXML\DEBUG\SCD_IED.OBJ
D:\VS2010PROJECTS\CIDTOXML\CIDTOXML\DEBUG\SCD_INTERFACE.OBJ
D:\VS2010PROJECTS\CIDTOXML\CIDTOXML\DEBUG\VC100.PDB
D:\VS2010PROJECTS\CIDTOXML\CIDTOXML\WIN32\DEBUG\CIDTOXML.DLL
D:\Vs2010Projects\CidToXML\CidToXML\Win32\Debug\CidToXML.exp
D:\VS2010PROJECTS\CIDTOXML\CIDTOXML\WIN32\DEBUG\CIDTOXML.ILK
D:\Vs2010Projects\CidToXML\CidToXML\Win32\Debug\CidToXML.lib
D:\VS2010PROJECTS\CIDTOXML\CIDTOXML\WIN32\DEBUG\CIDTOXML.PDB
