生成启动时间为 2023/4/24 15:33:56。
     1>项目“E:\VsProjects\CidToXML_CAC\CidToXML.vcxproj”在节点 2 上(build 个目标)。
     1>InitializeBuildStatus:
         正在创建“Release\CidToXML.unsuccessfulbuild”，因为已指定“AlwaysCreate”。
       ClCompile:
         d:\Microsoft Visual Studio 10.0\VC\bin\CL.exe /c /I.\GeneratedFiles /I. /ID:\Qt\Qt4.8.6\include /I.\GeneratedFiles\Release /ID:\Qt\Qt4.8.6\include\QtCore /ID:\Qt\Qt4.8.6\include\QtXml /nologo /W1 /WX- /O2 /Oy- /D UNICODE /D WIN32 /D QT_LARGEFILE_SUPPORT /D QT_DLL /D QT_NO_DEBUG /D NDEBUG /D QT_CORE_LIB /D QT_XML_LIB /D CIDTOXML_LIB /D _WINDLL /Gm- /EHsc /MD /GS /fp:precise /Zc:wchar_t- /Zc:forScope /Fo"Release\\" /Fd"Release\vc100.pdb" /Gd /TP /analyze- /errorReport:prompt cidtoxml.cpp
         cidtoxml.cpp
     1>d:\qt\qt4.8.6\include\qtcore\../../src/corelib/global/qconfig.h(41): warning C4005: “QT_LARGEFILE_SUPPORT”: 宏重定义
                 命令行参数: 参见前面的“QT_LARGEFILE_SUPPORT”定义
     1>e:\vsprojects\cidtoxml_cac\cidtoxml.cpp(220): warning C4715: “CidToXML::InitCfgFile”: 不是所有的控件路径都返回值
       Link:
         d:\Microsoft Visual Studio 10.0\VC\bin\link.exe /ERRORREPORT:PROMPT /OUT:"E:\VsProjects\CidToXML_CAC\Win32\Release\\CidToXML.dll" /NOLOGO /LIBPATH:D:\Qt\Qt4.8.6\lib qtmain.lib QtCore4.lib QtXml4.lib kernel32.lib user32.lib gdi32.lib winspool.lib comdlg32.lib advapi32.lib shell32.lib ole32.lib oleaut32.lib uuid.lib odbc32.lib odbccp32.lib /MANIFEST /ManifestFile:"Release\CidToXML.dll.intermediate.manifest" /MANIFESTUAC:"level='asInvoker' uiAccess='false'" /PDB:"E:\VsProjects\CidToXML_CAC\Win32\Release\CidToXML.pdb" /SUBSYSTEM:WINDOWS /TLBID:1 /DYNAMICBASE /NXCOMPAT /IMPLIB:"E:\VsProjects\CidToXML_CAC\Win32\Release\CidToXML.lib" /MACHINE:X86 /DLL Release\cidtoxml.obj
         Release\scd.obj
         Release\scd_comm.obj
         Release\scd_communication.obj
         Release\scd_datatypetemplates.obj
         Release\scd_ied.obj
         Release\scd_interface.obj
            正在创建库 E:\VsProjects\CidToXML_CAC\Win32\Release\CidToXML.lib 和对象 E:\VsProjects\CidToXML_CAC\Win32\Release\CidToXML.exp
         CidToXML.vcxproj -> E:\VsProjects\CidToXML_CAC\Win32\Release\CidToXML.dll
       Manifest:
         C:\Program Files (x86)\Microsoft SDKs\Windows\v7.0A\bin\mt.exe /nologo /verbose /outputresource:"E:\VsProjects\CidToXML_CAC\Win32\Release\\CidToXML.dll;#2" /manifest Release\CidToXML.dll.intermediate.manifest
       FinalizeBuildStatus:
         正在删除文件“Release\CidToXML.unsuccessfulbuild”。
         正在对“Release\CidToXML.lastbuildstate”执行 Touch 任务。
     1>已完成生成项目“E:\VsProjects\CidToXML_CAC\CidToXML.vcxproj”(build 个目标)的操作。

生成成功。

已用时间 00:00:02.12
