D:\VS2010PROJECTS\CIDTOXML\CIDTOXML\RELEASE\CIDTOXML.DLL.INTERMEDIATE.MANIFEST
D:\VS2010PROJECTS\CIDTOXML\CIDTOXML\RELEASE\CIDTOXML.OBJ
D:\Vs2010Projects\CidToXML\CidToXML\Release\CidToXML.write.1.tlog
D:\Vs2010Projects\CidToXML\CidToXML\Release\cl.command.1.tlog
D:\Vs2010Projects\CidToXML\CidToXML\Release\CL.read.1.tlog
D:\Vs2010Projects\CidToXML\CidToXML\Release\CL.write.1.tlog
D:\Vs2010Projects\CidToXML\CidToXML\Release\link.command.1.tlog
D:\Vs2010Projects\CidToXML\CidToXML\Release\link.read.1.tlog
D:\Vs2010Projects\CidToXML\CidToXML\Release\link.write.1.tlog
D:\Vs2010Projects\CidToXML\CidToXML\Release\mt.command.1.tlog
D:\Vs2010Projects\CidToXML\CidToXML\Release\mt.read.1.tlog
D:\Vs2010Projects\CidToXML\CidToXML\Release\mt.write.1.tlog
D:\VS2010PROJECTS\CIDTOXML\CIDTOXML\RELEASE\SCD.OBJ
D:\VS2010PROJECTS\CIDTOXML\CIDTOXML\RELEASE\SCD_COMM.OBJ
D:\VS2010PROJECTS\CIDTOXML\CIDTOXML\RELEASE\SCD_COMMUNICATION.OBJ
D:\VS2010PROJECTS\CIDTOXML\CIDTOXML\RELEASE\SCD_DATATYPETEMPLATES.OBJ
D:\VS2010PROJECTS\CIDTOXML\CIDTOXML\RELEASE\SCD_IED.OBJ
D:\VS2010PROJECTS\CIDTOXML\CIDTOXML\RELEASE\SCD_INTERFACE.OBJ
D:\VS2010PROJECTS\CIDTOXML\CIDTOXML\WIN32\RELEASE\CIDTOXML.DLL
D:\Vs2010Projects\CidToXML\CidToXML\Win32\Release\CidToXML.exp
D:\Vs2010Projects\CidToXML\CidToXML\Win32\Release\CidToXML.lib
